# JRE version: Java(TM) SE Runtime Environment (8.0_351-b10) (build 1.8.0_351-b10)
# Java VM: Java HotSpot(TM) 64-Bit Server VM (25.351-b10 mixed mode bsd-amd64 compressed oops)
Heap:
 PSYoungGen      total 330240K, used 91740K [0x000000076ab00000, 0x0000000780a00000, 0x00000007c0000000)
  eden space 312832K, 29% used [0x000000076ab00000,0x0000000770497120,0x000000077dc80000)
  from space 17408K, 0% used [0x000000077ef80000,0x000000077ef80000,0x0000000780080000)
  to   space 19456K, 0% used [0x000000077dc80000,0x000000077dc80000,0x000000077ef80000)
 ParOldGen       total 204800K, used 29159K [0x00000006c0000000, 0x00000006cc800000, 0x000000076ab00000)
  object space 204800K, 14% used [0x00000006c0000000,0x00000006c1c79f98,0x00000006cc800000)
 Metaspace       used 61273K, capacity 64942K, committed 65280K, reserved 1105920K
  class space    used 8241K, capacity 8912K, committed 8960K, reserved 1048576K
GC Heap History (10 events):
Event: 3.576 GC heap before
{Heap before GC invocations=9 (full 2):
 PSYoungGen      total 160768K, used 9273K [0x000000076ab00000, 0x000000077b480000, 0x00000007c0000000)
  eden space 146944K, 0% used [0x000000076ab00000,0x000000076ab00000,0x0000000773a80000)
  from space 13824K, 67% used [0x0000000773a80000,0x000000077438e508,0x0000000774800000)
  to   space 13824K, 0% used [0x000000077a700000,0x000000077a700000,0x000000077b480000)
 ParOldGen       total 104448K, used 10690K [0x00000006c0000000, 0x00000006c6600000, 0x000000076ab00000)
  object space 104448K, 10% used [0x00000006c0000000,0x00000006c0a70880,0x00000006c6600000)
 Metaspace       used 33672K, capacity 35394K, committed 35496K, reserved 1079296K
  class space    used 4501K, capacity 4833K, committed 4864K, reserved 1048576K
Event: 3.614 GC heap after
Heap after GC invocations=9 (full 2):
 PSYoungGen      total 160768K, used 0K [0x000000076ab00000, 0x000000077b480000, 0x00000007c0000000)
  eden space 146944K, 0% used [0x000000076ab00000,0x000000076ab00000,0x0000000773a80000)
  from space 13824K, 0% used [0x0000000773a80000,0x0000000773a80000,0x0000000774800000)
  to   space 13824K, 0% used [0x000000077a700000,0x000000077a700000,0x000000077b480000)
 ParOldGen       total 145920K, used 14259K [0x00000006c0000000, 0x00000006c8e80000, 0x000000076ab00000)
  object space 145920K, 9% used [0x00000006c0000000,0x00000006c0decd48,0x00000006c8e80000)
 Metaspace       used 33672K, capacity 35394K, committed 35496K, reserved 1079296K
  class space    used 4501K, capacity 4833K, committed 4864K, reserved 1048576K
}
Event: 4.546 GC heap before
{Heap before GC invocations=10 (full 2):
 PSYoungGen      total 160768K, used 146944K [0x000000076ab00000, 0x000000077b480000, 0x00000007c0000000)
  eden space 146944K, 100% used [0x000000076ab00000,0x0000000773a80000,0x0000000773a80000)
  from space 13824K, 0% used [0x0000000773a80000,0x0000000773a80000,0x0000000774800000)
  to   space 13824K, 0% used [0x000000077a700000,0x000000077a700000,0x000000077b480000)
 ParOldGen       total 145920K, used 14259K [0x00000006c0000000, 0x00000006c8e80000, 0x000000076ab00000)
  object space 145920K, 9% used [0x00000006c0000000,0x00000006c0decd48,0x00000006c8e80000)
 Metaspace       used 41221K, capacity 43474K, committed 43776K, reserved 1087488K
  class space    used 5600K, capacity 6027K, committed 6144K, reserved 1048576K
Event: 4.556 GC heap after
Heap after GC invocations=10 (full 2):
 PSYoungGen      total 244736K, used 9192K [0x000000076ab00000, 0x000000077b000000, 0x00000007c0000000)
  eden space 235520K, 0% used [0x000000076ab00000,0x000000076ab00000,0x0000000779100000)
  from space 9216K, 99% used [0x000000077a700000,0x000000077affa138,0x000000077b000000)
  to   space 13312K, 0% used [0x0000000779600000,0x0000000779600000,0x000000077a300000)
 ParOldGen       total 145920K, used 14267K [0x00000006c0000000, 0x00000006c8e80000, 0x000000076ab00000)
  object space 145920K, 9% used [0x00000006c0000000,0x00000006c0deed48,0x00000006c8e80000)
 Metaspace       used 41221K, capacity 43474K, committed 43776K, reserved 1087488K
  class space    used 5600K, capacity 6027K, committed 6144K, reserved 1048576K
}
Event: 6.044 GC heap before
{Heap before GC invocations=11 (full 2):
 PSYoungGen      total 244736K, used 244712K [0x000000076ab00000, 0x000000077b000000, 0x00000007c0000000)
  eden space 235520K, 100% used [0x000000076ab00000,0x0000000779100000,0x0000000779100000)
  from space 9216K, 99% used [0x000000077a700000,0x000000077affa138,0x000000077b000000)
  to   space 13312K, 0% used [0x0000000779600000,0x0000000779600000,0x000000077a300000)
 ParOldGen       total 145920K, used 14267K [0x00000006c0000000, 0x00000006c8e80000, 0x000000076ab00000)
  object space 145920K, 9% used [0x00000006c0000000,0x00000006c0deed48,0x00000006c8e80000)
 Metaspace       used 49799K, capacity 53170K, committed 53248K, reserved 1095680K
  class space    used 6818K, capacity 7402K, committed 7424K, reserved 1048576K
Event: 6.060 GC heap after
Heap after GC invocations=11 (full 2):
 PSYoungGen      total 253952K, used 13287K [0x000000076ab00000, 0x0000000780080000, 0x00000007c0000000)
  eden space 240640K, 0% used [0x000000076ab00000,0x000000076ab00000,0x0000000779600000)
  from space 13312K, 99% used [0x0000000779600000,0x000000077a2f9f00,0x000000077a300000)
  to   space 17408K, 0% used [0x000000077ef80000,0x000000077ef80000,0x0000000780080000)
 ParOldGen       total 145920K, used 19893K [0x00000006c0000000, 0x00000006c8e80000, 0x000000076ab00000)
  object space 145920K, 13% used [0x00000006c0000000,0x00000006c136d508,0x00000006c8e80000)
 Metaspace       used 49799K, capacity 53170K, committed 53248K, reserved 1095680K
  class space    used 6818K, capacity 7402K, committed 7424K, reserved 1048576K
}
Event: 6.813 GC heap before
{Heap before GC invocations=12 (full 2):
 PSYoungGen      total 253952K, used 59514K [0x000000076ab00000, 0x0000000780080000, 0x00000007c0000000)
  eden space 240640K, 19% used [0x000000076ab00000,0x000000076d824c48,0x0000000779600000)
  from space 13312K, 99% used [0x0000000779600000,0x000000077a2f9f00,0x000000077a300000)
  to   space 17408K, 0% used [0x000000077ef80000,0x000000077ef80000,0x0000000780080000)
 ParOldGen       total 145920K, used 19893K [0x00000006c0000000, 0x00000006c8e80000, 0x000000076ab00000)
  object space 145920K, 13% used [0x00000006c0000000,0x00000006c136d508,0x00000006c8e80000)
 Metaspace       used 55683K, capacity 59076K, committed 59136K, reserved 1099776K
  class space    used 7542K, capacity 8157K, committed 8192K, reserved 1048576K
Event: 6.828 GC heap after
Heap after GC invocations=12 (full 2):
 PSYoungGen      total 330240K, used 17379K [0x000000076ab00000, 0x0000000780a00000, 0x00000007c0000000)
  eden space 312832K, 0% used [0x000000076ab00000,0x000000076ab00000,0x000000077dc80000)
  from space 17408K, 99% used [0x000000077ef80000,0x0000000780078de0,0x0000000780080000)
  to   space 19456K, 0% used [0x000000077dc80000,0x000000077dc80000,0x000000077ef80000)
 ParOldGen       total 145920K, used 20590K [0x00000006c0000000, 0x00000006c8e80000, 0x000000076ab00000)
  object space 145920K, 14% used [0x00000006c0000000,0x00000006c141b8b8,0x00000006c8e80000)
 Metaspace       used 55683K, capacity 59076K, committed 59136K, reserved 1099776K
  class space    used 7542K, capacity 8157K, committed 8192K, reserved 1048576K
}
Event: 6.828 GC heap before
{Heap before GC invocations=13 (full 3):
 PSYoungGen      total 330240K, used 17379K [0x000000076ab00000, 0x0000000780a00000, 0x00000007c0000000)
  eden space 312832K, 0% used [0x000000076ab00000,0x000000076ab00000,0x000000077dc80000)
  from space 17408K, 99% used [0x000000077ef80000,0x0000000780078de0,0x0000000780080000)
  to   space 19456K, 0% used [0x000000077dc80000,0x000000077dc80000,0x000000077ef80000)
 ParOldGen       total 145920K, used 20590K [0x00000006c0000000, 0x00000006c8e80000, 0x000000076ab00000)
  object space 145920K, 14% used [0x00000006c0000000,0x00000006c141b8b8,0x00000006c8e80000)
 Metaspace       used 55683K, capacity 59076K, committed 59136K, reserved 1099776K
  class space    used 7542K, capacity 8157K, committed 8192K, reserved 1048576K
Event: 6.962 GC heap after
Heap after GC invocations=13 (full 3):
 PSYoungGen      total 330240K, used 0K [0x000000076ab00000, 0x0000000780a00000, 0x00000007c0000000)
  eden space 312832K, 0% used [0x000000076ab00000,0x000000076ab00000,0x000000077dc80000)
  from space 17408K, 0% used [0x000000077ef80000,0x000000077ef80000,0x0000000780080000)
  to   space 19456K, 0% used [0x000000077dc80000,0x000000077dc80000,0x000000077ef80000)
 ParOldGen       total 204800K, used 29159K [0x00000006c0000000, 0x00000006cc800000, 0x000000076ab00000)
  object space 204800K, 14% used [0x00000006c0000000,0x00000006c1c79f98,0x00000006cc800000)
 Metaspace       used 55671K, capacity 59046K, committed 59136K, reserved 1099776K
  class space    used 7538K, capacity 8150K, committed 8192K, reserved 1048576K
}

